2025-07-17 23:29:14 [background-preinit] INFO  o.h.validator.internal.util.Version - HV000001: Hibernate Validator 8.0.2.Final
2025-07-17 23:29:14 [main] INFO  g.accountmanagement.Application - Starting Application using Java 23.0.1 with PID 27044 (C:\Users\Kit\IdeaProjects\DemoSQL\gigabanksystem_new\target\classes started by Kit in C:\Users\Kit\IdeaProjects\DemoSQL\gigabanksystem_new)
2025-07-17 23:29:14 [main] INFO  g.accountmanagement.Application - No active profile set, falling back to 1 default profile: "default"
2025-07-17 23:29:14 [main] INFO  o.s.b.w.e.tomcat.TomcatWebServer - Tomcat initialized with port 8080 (http)
2025-07-17 23:29:14 [main] INFO  o.a.coyote.http11.Http11NioProtocol - Initializing ProtocolHandler ["http-nio-8080"]
2025-07-17 23:29:14 [main] INFO  o.a.catalina.core.StandardService - Starting service [Tomcat]
2025-07-17 23:29:14 [main] INFO  o.a.catalina.core.StandardEngine - Starting Servlet engine: [Apache Tomcat/10.1.41]
2025-07-17 23:29:14 [main] INFO  o.a.c.c.C.[Tomcat].[localhost].[/] - Initializing Spring embedded WebApplicationContext
2025-07-17 23:29:14 [main] INFO  o.s.b.w.s.c.ServletWebServerApplicationContext - Root WebApplicationContext: initialization completed in 546 ms
2025-07-17 23:29:14 [main] INFO  com.zaxxer.hikari.HikariDataSource - HikariPool-1 - Starting...
2025-07-17 23:29:15 [main] INFO  com.zaxxer.hikari.pool.HikariPool - HikariPool-1 - Added connection org.postgresql.jdbc.PgConnection@3468ee6e
2025-07-17 23:29:15 [main] INFO  com.zaxxer.hikari.HikariDataSource - HikariPool-1 - Start completed.
2025-07-17 23:29:17 [main] INFO  g.a.service.PaymentGatewayService - Инициализация PaymentGatewayService. Установка соединения завершена.
2025-07-17 23:29:17 [main] INFO  o.a.coyote.http11.Http11NioProtocol - Starting ProtocolHandler ["http-nio-8080"]
2025-07-17 23:29:17 [main] INFO  o.s.b.w.e.tomcat.TomcatWebServer - Tomcat started on port 8080 (http) with context path '/'
2025-07-17 23:29:17 [main] INFO  g.accountmanagement.Application - Started Application in 3.132 seconds (process running for 3.439)
2025-07-17 23:29:17 [main] INFO  g.accountmanagement.Application - Инициализация базы данных завершена
2025-07-17 23:29:17 [main] INFO  g.a.service.BankAccountServiceBDImpl - Пополнение счёта 8ded1518-9d40-4d80-9488-07e432a5c1f2 на сумму 100.00 успешно
2025-07-17 23:29:17 [main] INFO  g.accountmanagement.Application - Пополнение баланса счёта 8ded1518-9d40-4d80-9488-07e432a5c1f2 на сумму 100.00
2025-07-17 23:29:17 [main] INFO  g.a.service.BankAccountServiceBDImpl - Перевод суммы 50.00 с счёта 8ded1518-9d40-4d80-9488-07e432a5c1f2 на счёт b0b12a6a-5cb3-44a2-b0ed-8ea8bfd13730 выполнен
2025-07-17 23:29:17 [main] INFO  g.accountmanagement.Application - Перевод суммы 50.00 с счёта 8ded1518-9d40-4d80-9488-07e432a5c1f2 на счёт b0b12a6a-5cb3-44a2-b0ed-8ea8bfd13730
2025-07-17 23:29:17 [main] INFO  g.a.service.BankAccountServiceBDImpl - Счёт 2bd11070-a984-4b54-b2fe-31b6a3d56f55 удалён
2025-07-17 23:29:17 [main] INFO  g.accountmanagement.Application - Счёт 2bd11070-a984-4b54-b2fe-31b6a3d56f55 удалён
2025-07-17 23:29:17 [main] INFO  g.accountmanagement.Application - Транзакции пользователя с user_id c46b14d2-abec-4bbd-bec2-cc9cad233d9f:
2025-07-17 23:29:17 [main] INFO  g.accountmanagement.Application - Транзакция: id=ee34b9f4-5955-47fb-a269-d456199bb6de, amount=100.00, type=DEPOSIT, date=2025-07-17 23:29:17.317533
2025-07-17 23:29:17 [main] INFO  g.accountmanagement.Application - Транзакция: id=55ccd7ac-f7ef-476f-9517-b26b04d42f63, amount=-50.00, type=TRANSFER_OUT, date=2025-07-17 23:29:17.321534
2025-07-17 23:29:17 [main] INFO  g.accountmanagement.Application - Транзакция: id=9b807932-a01d-4f89-9dcb-780d851f0f43, amount=50.00, type=TRANSFER_IN, date=2025-07-17 23:29:17.322534
2025-07-17 23:29:17 [Thread-1] INFO  g.a.service.PhantomRead - Первое чтение баланса для счёта 8ded1518-9d40-4d80-9488-07e432a5c1f2: 1050.00
2025-07-17 23:29:18 [Thread-2] INFO  g.a.service.PhantomRead - Баланс счёта 8ded1518-9d40-4d80-9488-07e432a5c1f2 изменён на сумму 50.00
2025-07-17 23:29:18 [Thread-2] INFO  g.a.service.PhantomRead - Транзакция добавлена: id=aa69ba5d-9837-4064-b8d0-a2256b0bdaf7, amount=50.00, type=DEPOSIT
2025-07-17 23:29:20 [Thread-1] INFO  g.a.service.PhantomRead - Второе чтение баланса для счёта 8ded1518-9d40-4d80-9488-07e432a5c1f2: 1100.00
2025-07-17 23:29:20 [Thread-1] WARN  g.a.service.PhantomRead - Аномалия фантомного чтения обнаружена: баланс изменился с 1050.00 на 1100.00
2025-07-17 23:43:14 [SpringApplicationShutdownHook] INFO  o.s.b.w.e.tomcat.GracefulShutdown - Commencing graceful shutdown. Waiting for active requests to complete
2025-07-17 23:43:14 [tomcat-shutdown] INFO  o.s.b.w.e.tomcat.GracefulShutdown - Graceful shutdown complete
2025-07-17 23:43:14 [SpringApplicationShutdownHook] INFO  g.a.service.PaymentGatewayService - Завершение работы PaymentGatewayService. Освобождение ресурсов.
2025-07-17 23:43:37 [background-preinit] INFO  o.h.validator.internal.util.Version - HV000001: Hibernate Validator 8.0.2.Final
2025-07-17 23:43:37 [main] INFO  g.accountmanagement.Application - Starting Application using Java 23.0.1 with PID 32356 (C:\Users\Kit\IdeaProjects\DemoSQL\gigabanksystem_new\target\classes started by Kit in C:\Users\Kit\IdeaProjects\DemoSQL\gigabanksystem_new)
2025-07-17 23:43:37 [main] INFO  g.accountmanagement.Application - No active profile set, falling back to 1 default profile: "default"
2025-07-17 23:43:38 [main] INFO  o.s.b.w.e.tomcat.TomcatWebServer - Tomcat initialized with port 8080 (http)
2025-07-17 23:43:38 [main] INFO  o.a.coyote.http11.Http11NioProtocol - Initializing ProtocolHandler ["http-nio-8080"]
2025-07-17 23:43:38 [main] INFO  o.a.catalina.core.StandardService - Starting service [Tomcat]
2025-07-17 23:43:38 [main] INFO  o.a.catalina.core.StandardEngine - Starting Servlet engine: [Apache Tomcat/10.1.41]
2025-07-17 23:43:38 [main] INFO  o.a.c.c.C.[Tomcat].[localhost].[/] - Initializing Spring embedded WebApplicationContext
2025-07-17 23:43:38 [main] INFO  o.s.b.w.s.c.ServletWebServerApplicationContext - Root WebApplicationContext: initialization completed in 582 ms
2025-07-17 23:43:38 [main] INFO  com.zaxxer.hikari.HikariDataSource - HikariPool-1 - Starting...
2025-07-17 23:43:38 [main] INFO  com.zaxxer.hikari.pool.HikariPool - HikariPool-1 - Added connection org.postgresql.jdbc.PgConnection@1192b58e
2025-07-17 23:43:38 [main] INFO  com.zaxxer.hikari.HikariDataSource - HikariPool-1 - Start completed.
2025-07-17 23:43:40 [main] INFO  g.a.service.PaymentGatewayService - Инициализация PaymentGatewayService. Установка соединения завершена.
2025-07-17 23:43:40 [main] INFO  o.a.coyote.http11.Http11NioProtocol - Starting ProtocolHandler ["http-nio-8080"]
2025-07-17 23:43:40 [main] INFO  o.s.b.w.e.tomcat.TomcatWebServer - Tomcat started on port 8080 (http) with context path '/'
2025-07-17 23:43:40 [main] INFO  g.accountmanagement.Application - Started Application in 3.192 seconds (process running for 3.504)
2025-07-17 23:43:40 [main] INFO  g.accountmanagement.Application - Инициализация базы данных завершена
2025-07-17 23:43:40 [main] INFO  g.a.service.BankAccountServiceBDImpl - Пополнение счёта 2dd45952-8746-4f00-bb88-84386b67bbc7 на сумму 100.00 успешно
2025-07-17 23:43:40 [main] INFO  g.accountmanagement.Application - Пополнение баланса счёта 2dd45952-8746-4f00-bb88-84386b67bbc7 на сумму 100.00
2025-07-17 23:43:40 [main] INFO  g.a.service.BankAccountServiceBDImpl - Перевод суммы 50.00 с счёта 2dd45952-8746-4f00-bb88-84386b67bbc7 на счёт 5b6a2cd3-679a-41d3-af40-ed7d9938ed47 выполнен
2025-07-17 23:43:40 [main] INFO  g.accountmanagement.Application - Перевод суммы 50.00 с счёта 2dd45952-8746-4f00-bb88-84386b67bbc7 на счёт 5b6a2cd3-679a-41d3-af40-ed7d9938ed47
2025-07-17 23:43:40 [main] INFO  g.a.service.BankAccountServiceBDImpl - Счёт 4e53d4f4-0d35-4134-a9b2-855a8872fb2d удалён
2025-07-17 23:43:40 [main] INFO  g.accountmanagement.Application - Счёт 4e53d4f4-0d35-4134-a9b2-855a8872fb2d удалён
2025-07-17 23:43:40 [main] INFO  g.accountmanagement.Application - Транзакции пользователя с user_id d21ddb58-3de7-4cff-94ca-4f3d0a65ec71:
2025-07-17 23:43:40 [main] INFO  g.accountmanagement.Application - Транзакция: id=dc862a15-d542-4560-83d2-034f31969ae2, amount=100.00, type=DEPOSIT, date=2025-07-17 23:43:40.866989
2025-07-17 23:43:40 [main] INFO  g.accountmanagement.Application - Транзакция: id=dace37a6-cf32-4cb4-be1d-6e2a53be3ab3, amount=-50.00, type=TRANSFER_OUT, date=2025-07-17 23:43:40.871991
2025-07-17 23:43:40 [main] INFO  g.accountmanagement.Application - Транзакция: id=385c8e90-f690-4069-95a9-70405ee1422e, amount=50.00, type=TRANSFER_IN, date=2025-07-17 23:43:40.871991
2025-07-17 23:43:40 [Thread-1] INFO  g.a.service.PhantomRead - First reading of the balance for the account 2dd45952-8746-4f00-bb88-84386b67bbc7: 1050.00
2025-07-17 23:43:41 [Thread-2] INFO  g.a.service.PhantomRead - Account balance 2dd45952-8746-4f00-bb88-84386b67bbc7 changed to the amount 50.00
2025-07-17 23:43:41 [Thread-2] INFO  g.a.service.PhantomRead - Транзакция добавлена: id=955db874-3203-43b1-ad9c-60177afadbed, amount=50.00, type=DEPOSIT
2025-07-17 23:43:43 [Thread-1] INFO  g.a.service.PhantomRead - Second reading of the balance for the account 2dd45952-8746-4f00-bb88-84386b67bbc7: 1050.00
2025-07-17 23:43:43 [Thread-1] INFO  g.a.service.PhantomRead - Phantom reading anomaly not detected: balance remains 1050.00
2025-07-17 23:44:04 [SpringApplicationShutdownHook] INFO  o.s.b.w.e.tomcat.GracefulShutdown - Commencing graceful shutdown. Waiting for active requests to complete
2025-07-17 23:44:04 [tomcat-shutdown] INFO  o.s.b.w.e.tomcat.GracefulShutdown - Graceful shutdown complete
2025-07-17 23:44:04 [SpringApplicationShutdownHook] INFO  g.a.service.PaymentGatewayService - Завершение работы PaymentGatewayService. Освобождение ресурсов.
2025-07-18 14:34:52 [background-preinit] INFO  o.h.validator.internal.util.Version - HV000001: Hibernate Validator 8.0.2.Final
2025-07-18 14:34:52 [main] INFO  g.accountmanagement.Application - Starting Application using Java 23.0.1 with PID 33624 (C:\Users\Kit\IdeaProjects\DemoSQL\gigabanksystem_new\target\classes started by Kit in C:\Users\Kit\IdeaProjects\DemoSQL\gigabanksystem_new)
2025-07-18 14:34:52 [main] INFO  g.accountmanagement.Application - No active profile set, falling back to 1 default profile: "default"
2025-07-18 14:34:52 [main] INFO  o.s.b.w.e.tomcat.TomcatWebServer - Tomcat initialized with port 8080 (http)
2025-07-18 14:34:52 [main] INFO  o.a.coyote.http11.Http11NioProtocol - Initializing ProtocolHandler ["http-nio-8080"]
2025-07-18 14:34:52 [main] INFO  o.a.catalina.core.StandardService - Starting service [Tomcat]
2025-07-18 14:34:52 [main] INFO  o.a.catalina.core.StandardEngine - Starting Servlet engine: [Apache Tomcat/10.1.41]
2025-07-18 14:34:52 [main] INFO  o.a.c.c.C.[Tomcat].[localhost].[/] - Initializing Spring embedded WebApplicationContext
2025-07-18 14:34:52 [main] INFO  o.s.b.w.s.c.ServletWebServerApplicationContext - Root WebApplicationContext: initialization completed in 562 ms
2025-07-18 14:34:52 [main] INFO  com.zaxxer.hikari.HikariDataSource - HikariPool-1 - Starting...
2025-07-18 14:34:53 [main] INFO  com.zaxxer.hikari.pool.HikariPool - HikariPool-1 - Added connection org.postgresql.jdbc.PgConnection@6e3eb0cd
2025-07-18 14:34:53 [main] INFO  com.zaxxer.hikari.HikariDataSource - HikariPool-1 - Start completed.
2025-07-18 14:34:55 [main] INFO  g.a.service.PaymentGatewayService - Инициализация PaymentGatewayService. Установка соединения завершена.
2025-07-18 14:34:55 [main] INFO  o.a.coyote.http11.Http11NioProtocol - Starting ProtocolHandler ["http-nio-8080"]
2025-07-18 14:34:55 [main] INFO  o.s.b.w.e.tomcat.TomcatWebServer - Tomcat started on port 8080 (http) with context path '/'
2025-07-18 14:34:55 [main] INFO  g.accountmanagement.Application - Started Application in 3.199 seconds (process running for 3.502)
2025-07-18 14:34:55 [main] INFO  g.accountmanagement.Application - Инициализация базы данных завершена
2025-07-18 14:34:55 [main] INFO  g.a.service.BankAccountServiceBDImpl - Пополнение счёта ee78e34e-9af3-480d-84d2-afe35d5ba45c на сумму 100.00 успешно
2025-07-18 14:34:55 [main] INFO  g.accountmanagement.Application - Пополнение баланса счёта ee78e34e-9af3-480d-84d2-afe35d5ba45c на сумму 100.00
2025-07-18 14:34:55 [main] INFO  g.a.service.BankAccountServiceBDImpl - Перевод суммы 50.00 с счёта ee78e34e-9af3-480d-84d2-afe35d5ba45c на счёт 95c06e2b-44dc-4624-b027-2e2b4aad3b6f выполнен
2025-07-18 14:34:55 [main] INFO  g.accountmanagement.Application - Перевод суммы 50.00 с счёта ee78e34e-9af3-480d-84d2-afe35d5ba45c на счёт 95c06e2b-44dc-4624-b027-2e2b4aad3b6f
2025-07-18 14:34:55 [main] INFO  g.a.service.BankAccountServiceBDImpl - Счёт 0753804d-88d8-4a25-92d3-1ffed8e6851f удалён
2025-07-18 14:34:55 [main] INFO  g.accountmanagement.Application - Счёт 0753804d-88d8-4a25-92d3-1ffed8e6851f удалён
2025-07-18 14:34:55 [main] INFO  g.accountmanagement.Application - Транзакции пользователя с user_id 40ff5a25-9521-4846-9b6f-c2ef2e6c5eb4:
2025-07-18 14:34:55 [main] INFO  g.accountmanagement.Application - Транзакция: id=0b813c0e-861b-4444-b275-8cb7369d3f35, amount=100.00, type=DEPOSIT, date=2025-07-18 14:34:55.403388
2025-07-18 14:34:55 [main] INFO  g.accountmanagement.Application - Транзакция: id=b92d7a57-43e5-4b88-8073-42669cf48742, amount=-50.00, type=TRANSFER_OUT, date=2025-07-18 14:34:55.408389
2025-07-18 14:34:55 [main] INFO  g.accountmanagement.Application - Транзакция: id=48c69e9b-e469-4afc-a590-d38186c121df, amount=50.00, type=TRANSFER_IN, date=2025-07-18 14:34:55.40886
2025-07-18 14:34:55 [Thread-1] INFO  g.a.service.PhantomRead - First reading of the balance for the account ee78e34e-9af3-480d-84d2-afe35d5ba45c: 1050.00
2025-07-18 14:34:56 [Thread-2] INFO  g.a.service.PhantomRead - Account balance ee78e34e-9af3-480d-84d2-afe35d5ba45c changed to the amount 50.00
2025-07-18 14:34:56 [Thread-2] INFO  g.a.service.PhantomRead - Транзакция добавлена: id=c17e75c0-5442-4864-92d3-9955a1662e69, amount=50.00, type=DEPOSIT
2025-07-18 14:34:58 [Thread-1] INFO  g.a.service.PhantomRead - Second reading of the balance for the account ee78e34e-9af3-480d-84d2-afe35d5ba45c: 1050.00
2025-07-18 14:34:58 [Thread-1] INFO  g.a.service.PhantomRead - Phantom reading anomaly not detected: balance remains 1050.00
2025-07-18 14:35:04 [SpringApplicationShutdownHook] INFO  o.s.b.w.e.tomcat.GracefulShutdown - Commencing graceful shutdown. Waiting for active requests to complete
2025-07-18 14:35:04 [tomcat-shutdown] INFO  o.s.b.w.e.tomcat.GracefulShutdown - Graceful shutdown complete
2025-07-18 14:35:04 [SpringApplicationShutdownHook] INFO  g.a.service.PaymentGatewayService - Завершение работы PaymentGatewayService. Освобождение ресурсов.
